# JRE version: OpenJDK Runtime Environment (8.0_312-b07) (build 1.8.0_312-b07)
# Java VM: OpenJDK 64-Bit Server VM (25.312-b07 mixed mode windows-amd64 compressed oops)
Heap:
 PSYoungGen      total 273920K, used 246434K [0x0000000715d80000, 0x0000000730100000, 0x00000007c0000000)
  eden space 252416K, 97% used [0x0000000715d80000,0x0000000724e289f0,0x0000000725400000)
  from space 21504K, 0% used [0x0000000728400000,0x0000000728400000,0x0000000729900000)
  to   space 49152K, 0% used [0x0000000725400000,0x0000000725400000,0x0000000728400000)
 ParOldGen       total 309760K, used 50783K [0x00000005c1800000, 0x00000005d4680000, 0x0000000715d80000)
  object space 309760K, 16% used [0x00000005c1800000,0x00000005c4997c80,0x00000005d4680000)
 Metaspace       used 41927K, capacity 42099K, committed 42368K, reserved 1085440K
  class space    used 5636K, capacity 5713K, committed 5760K, reserved 1048576K
GC Heap History (10 events):
Event: 3.472 GC heap before
{Heap before GC invocations=5 (full 2):
 PSYoungGen      total 153088K, used 131584K [0x0000000715d80000, 0x0000000723700000, 0x00000007c0000000)
  eden space 131584K, 100% used [0x0000000715d80000,0x000000071de00000,0x000000071de00000)
  from space 21504K, 0% used [0x000000071f300000,0x000000071f300000,0x0000000720800000)
  to   space 21504K, 0% used [0x000000071de00000,0x000000071de00000,0x000000071f300000)
 ParOldGen       total 231936K, used 5045K [0x00000005c1800000, 0x00000005cfa80000, 0x0000000715d80000)
  object space 231936K, 2% used [0x00000005c1800000,0x00000005c1ced410,0x00000005cfa80000)
 Metaspace       used 32853K, capacity 33132K, committed 33280K, reserved 1077248K
  class space    used 4490K, capacity 4551K, committed 4608K, reserved 1048576K
Event: 3.478 GC heap after
Heap after GC invocations=5 (full 2):
 PSYoungGen      total 153088K, used 21495K [0x0000000715d80000, 0x0000000722f00000, 0x00000007c0000000)
  eden space 131584K, 0% used [0x0000000715d80000,0x0000000715d80000,0x000000071de00000)
  from space 21504K, 99% used [0x000000071de00000,0x000000071f2fdf20,0x000000071f300000)
  to   space 21504K, 0% used [0x0000000721a00000,0x0000000721a00000,0x0000000722f00000)
 ParOldGen       total 231936K, used 9078K [0x00000005c1800000, 0x00000005cfa80000, 0x0000000715d80000)
  object space 231936K, 3% used [0x00000005c1800000,0x00000005c20dda50,0x00000005cfa80000)
 Metaspace       used 32853K, capacity 33132K, committed 33280K, reserved 1077248K
  class space    used 4490K, capacity 4551K, committed 4608K, reserved 1048576K
}
Event: 3.691 GC heap before
{Heap before GC invocations=6 (full 2):
 PSYoungGen      total 153088K, used 153079K [0x0000000715d80000, 0x0000000722f00000, 0x00000007c0000000)
  eden space 131584K, 100% used [0x0000000715d80000,0x000000071de00000,0x000000071de00000)
  from space 21504K, 99% used [0x000000071de00000,0x000000071f2fdf20,0x000000071f300000)
  to   space 21504K, 0% used [0x0000000721a00000,0x0000000721a00000,0x0000000722f00000)
 ParOldGen       total 231936K, used 9078K [0x00000005c1800000, 0x00000005cfa80000, 0x0000000715d80000)
  object space 231936K, 3% used [0x00000005c1800000,0x00000005c20dda50,0x00000005cfa80000)
 Metaspace       used 32880K, capacity 33132K, committed 33280K, reserved 1077248K
  class space    used 4490K, capacity 4551K, committed 4608K, reserved 1048576K
Event: 3.703 GC heap after
Heap after GC invocations=6 (full 2):
 PSYoungGen      total 193024K, used 21474K [0x0000000715d80000, 0x0000000725680000, 0x00000007c0000000)
  eden space 171520K, 0% used [0x0000000715d80000,0x0000000715d80000,0x0000000720500000)
  from space 21504K, 99% used [0x0000000721a00000,0x0000000722ef8888,0x0000000722f00000)
  to   space 21504K, 0% used [0x0000000720500000,0x0000000720500000,0x0000000721a00000)
 ParOldGen       total 231936K, used 17974K [0x00000005c1800000, 0x00000005cfa80000, 0x0000000715d80000)
  object space 231936K, 7% used [0x00000005c1800000,0x00000005c298da80,0x00000005cfa80000)
 Metaspace       used 32880K, capacity 33132K, committed 33280K, reserved 1077248K
  class space    used 4490K, capacity 4551K, committed 4608K, reserved 1048576K
}
Event: 4.382 GC heap before
{Heap before GC invocations=7 (full 2):
 PSYoungGen      total 193024K, used 192994K [0x0000000715d80000, 0x0000000725680000, 0x00000007c0000000)
  eden space 171520K, 100% used [0x0000000715d80000,0x0000000720500000,0x0000000720500000)
  from space 21504K, 99% used [0x0000000721a00000,0x0000000722ef8888,0x0000000722f00000)
  to   space 21504K, 0% used [0x0000000720500000,0x0000000720500000,0x0000000721a00000)
 ParOldGen       total 231936K, used 17974K [0x00000005c1800000, 0x00000005cfa80000, 0x0000000715d80000)
  object space 231936K, 7% used [0x00000005c1800000,0x00000005c298da80,0x00000005cfa80000)
 Metaspace       used 37792K, capacity 38003K, committed 38400K, reserved 1083392K
  class space    used 5216K, capacity 5289K, committed 5376K, reserved 1048576K
Event: 4.402 GC heap after
Heap after GC invocations=7 (full 2):
 PSYoungGen      total 193024K, used 21497K [0x0000000715d80000, 0x0000000729900000, 0x00000007c0000000)
  eden space 171520K, 0% used [0x0000000715d80000,0x0000000715d80000,0x0000000720500000)
  from space 21504K, 99% used [0x0000000720500000,0x00000007219fe420,0x0000000721a00000)
  to   space 21504K, 0% used [0x0000000728400000,0x0000000728400000,0x0000000729900000)
 ParOldGen       total 231936K, used 39719K [0x00000005c1800000, 0x00000005cfa80000, 0x0000000715d80000)
  object space 231936K, 17% used [0x00000005c1800000,0x00000005c3ec9c78,0x00000005cfa80000)
 Metaspace       used 37792K, capacity 38003K, committed 38400K, reserved 1083392K
  class space    used 5216K, capacity 5289K, committed 5376K, reserved 1048576K
}
Event: 4.407 GC heap before
{Heap before GC invocations=8 (full 2):
 PSYoungGen      total 193024K, used 29171K [0x0000000715d80000, 0x0000000729900000, 0x00000007c0000000)
  eden space 171520K, 4% used [0x0000000715d80000,0x00000007164feb78,0x0000000720500000)
  from space 21504K, 99% used [0x0000000720500000,0x00000007219fe420,0x0000000721a00000)
  to   space 21504K, 0% used [0x0000000728400000,0x0000000728400000,0x0000000729900000)
 ParOldGen       total 231936K, used 39719K [0x00000005c1800000, 0x00000005cfa80000, 0x0000000715d80000)
  object space 231936K, 17% used [0x00000005c1800000,0x00000005c3ec9c78,0x00000005cfa80000)
 Metaspace       used 37970K, capacity 38131K, committed 38400K, reserved 1083392K
  class space    used 5221K, capacity 5289K, committed 5376K, reserved 1048576K
Event: 4.418 GC heap after
Heap after GC invocations=8 (full 2):
 PSYoungGen      total 273920K, used 21488K [0x0000000715d80000, 0x0000000730100000, 0x00000007c0000000)
  eden space 252416K, 0% used [0x0000000715d80000,0x0000000715d80000,0x0000000725400000)
  from space 21504K, 99% used [0x0000000728400000,0x00000007298fc378,0x0000000729900000)
  to   space 49152K, 0% used [0x0000000725400000,0x0000000725400000,0x0000000728400000)
 ParOldGen       total 231936K, used 39940K [0x00000005c1800000, 0x00000005cfa80000, 0x0000000715d80000)
  object space 231936K, 17% used [0x00000005c1800000,0x00000005c3f013d8,0x00000005cfa80000)
 Metaspace       used 37970K, capacity 38131K, committed 38400K, reserved 1083392K
  class space    used 5221K, capacity 5289K, committed 5376K, reserved 1048576K
}
Event: 4.418 GC heap before
{Heap before GC invocations=9 (full 3):
 PSYoungGen      total 273920K, used 21488K [0x0000000715d80000, 0x0000000730100000, 0x00000007c0000000)
  eden space 252416K, 0% used [0x0000000715d80000,0x0000000715d80000,0x0000000725400000)
  from space 21504K, 99% used [0x0000000728400000,0x00000007298fc378,0x0000000729900000)
  to   space 49152K, 0% used [0x0000000725400000,0x0000000725400000,0x0000000728400000)
 ParOldGen       total 231936K, used 39940K [0x00000005c1800000, 0x00000005cfa80000, 0x0000000715d80000)
  object space 231936K, 17% used [0x00000005c1800000,0x00000005c3f013d8,0x00000005cfa80000)
 Metaspace       used 37970K, capacity 38131K, committed 38400K, reserved 1083392K
  class space    used 5221K, capacity 5289K, committed 5376K, reserved 1048576K
Event: 4.499 GC heap after
Heap after GC invocations=9 (full 3):
 PSYoungGen      total 273920K, used 0K [0x0000000715d80000, 0x0000000730100000, 0x00000007c0000000)
  eden space 252416K, 0% used [0x0000000715d80000,0x0000000715d80000,0x0000000725400000)
  from space 21504K, 0% used [0x0000000728400000,0x0000000728400000,0x0000000729900000)
  to   space 49152K, 0% used [0x0000000725400000,0x0000000725400000,0x0000000728400000)
 ParOldGen       total 309760K, used 50783K [0x00000005c1800000, 0x00000005d4680000, 0x0000000715d80000)
  object space 309760K, 16% used [0x00000005c1800000,0x00000005c4997c80,0x00000005d4680000)
 Metaspace       used 37970K, capacity 38131K, committed 38400K, reserved 1083392K
  class space    used 5221K, capacity 5289K, committed 5376K, reserved 1048576K
}

