# JRE version: OpenJDK Runtime Environment (8.0_322-b06) (build 1.8.0_322-b06)
# Java VM: OpenJDK 64-Bit Server VM (25.322-b06 mixed mode windows-amd64 compressed oops)
Heap:
 PSYoungGen      total 174592K, used 97957K [0x0000000755580000, 0x0000000765e00000, 0x00000007c0000000)
  eden space 170496K, 55% used [0x0000000755580000,0x000000075b18b968,0x000000075fc00000)
  from space 4096K, 90% used [0x0000000765a00000,0x0000000765d9dd70,0x0000000765e00000)
  to   space 35328K, 0% used [0x0000000761900000,0x0000000761900000,0x0000000763b80000)
 ParOldGen       total 176640K, used 54147K [0x0000000680000000, 0x000000068ac80000, 0x0000000755580000)
  object space 176640K, 30% used [0x0000000680000000,0x00000006834e0c90,0x000000068ac80000)
 Metaspace       used 42031K, capacity 42265K, committed 42624K, reserved 1085440K
  class space    used 5600K, capacity 5679K, committed 5760K, reserved 1048576K
GC Heap History (10 events):
Event: 10.952 GC heap before
{Heap before GC invocations=9 (full 2):
 PSYoungGen      total 82432K, used 82400K [0x0000000755580000, 0x0000000761b80000, 0x00000007c0000000)
  eden space 69120K, 100% used [0x0000000755580000,0x0000000759900000,0x0000000759900000)
  from space 13312K, 99% used [0x000000075b300000,0x000000075bff8010,0x000000075c000000)
  to   space 26624K, 0% used [0x0000000759900000,0x0000000759900000,0x000000075b300000)
 ParOldGen       total 91648K, used 22731K [0x0000000680000000, 0x0000000685980000, 0x0000000755580000)
  object space 91648K, 24% used [0x0000000680000000,0x0000000681632d90,0x0000000685980000)
 Metaspace       used 33300K, capacity 33486K, committed 33792K, reserved 1079296K
  class space    used 4501K, capacity 4581K, committed 4608K, reserved 1048576K
Event: 10.958 GC heap after
Heap after GC invocations=9 (full 2):
 PSYoungGen      total 95744K, used 19557K [0x0000000755580000, 0x0000000760a80000, 0x00000007c0000000)
  eden space 69120K, 0% used [0x0000000755580000,0x0000000755580000,0x0000000759900000)
  from space 26624K, 73% used [0x0000000759900000,0x000000075ac194a0,0x000000075b300000)
  to   space 28160K, 0% used [0x000000075ef00000,0x000000075ef00000,0x0000000760a80000)
 ParOldGen       total 91648K, used 22731K [0x0000000680000000, 0x0000000685980000, 0x0000000755580000)
  object space 91648K, 24% used [0x0000000680000000,0x0000000681632d90,0x0000000685980000)
 Metaspace       used 33300K, capacity 33486K, committed 33792K, reserved 1079296K
  class space    used 4501K, capacity 4581K, committed 4608K, reserved 1048576K
}
Event: 11.463 GC heap before
{Heap before GC invocations=10 (full 2):
 PSYoungGen      total 95744K, used 88677K [0x0000000755580000, 0x0000000760a80000, 0x00000007c0000000)
  eden space 69120K, 100% used [0x0000000755580000,0x0000000759900000,0x0000000759900000)
  from space 26624K, 73% used [0x0000000759900000,0x000000075ac194a0,0x000000075b300000)
  to   space 28160K, 0% used [0x000000075ef00000,0x000000075ef00000,0x0000000760a80000)
 ParOldGen       total 91648K, used 22731K [0x0000000680000000, 0x0000000685980000, 0x0000000755580000)
  object space 91648K, 24% used [0x0000000680000000,0x0000000681632d90,0x0000000685980000)
 Metaspace       used 34251K, capacity 34446K, committed 34816K, reserved 1079296K
  class space    used 4671K, capacity 4773K, committed 4864K, reserved 1048576K
Event: 11.474 GC heap after
Heap after GC invocations=10 (full 2):
 PSYoungGen      total 152576K, used 28154K [0x0000000755580000, 0x0000000761400000, 0x00000007c0000000)
  eden space 124416K, 0% used [0x0000000755580000,0x0000000755580000,0x000000075cf00000)
  from space 28160K, 99% used [0x000000075ef00000,0x0000000760a7eb90,0x0000000760a80000)
  to   space 32768K, 0% used [0x000000075cf00000,0x000000075cf00000,0x000000075ef00000)
 ParOldGen       total 91648K, used 22787K [0x0000000680000000, 0x0000000685980000, 0x0000000755580000)
  object space 91648K, 24% used [0x0000000680000000,0x0000000681640f48,0x0000000685980000)
 Metaspace       used 34251K, capacity 34446K, committed 34816K, reserved 1079296K
  class space    used 4671K, capacity 4773K, committed 4864K, reserved 1048576K
}
Event: 12.862 GC heap before
{Heap before GC invocations=11 (full 2):
 PSYoungGen      total 152576K, used 123942K [0x0000000755580000, 0x0000000761400000, 0x00000007c0000000)
  eden space 124416K, 76% used [0x0000000755580000,0x000000075b30ae18,0x000000075cf00000)
  from space 28160K, 99% used [0x000000075ef00000,0x0000000760a7eb90,0x0000000760a80000)
  to   space 32768K, 0% used [0x000000075cf00000,0x000000075cf00000,0x000000075ef00000)
 ParOldGen       total 91648K, used 22787K [0x0000000680000000, 0x0000000685980000, 0x0000000755580000)
  object space 91648K, 24% used [0x0000000680000000,0x0000000681640f48,0x0000000685980000)
 Metaspace       used 37911K, capacity 38162K, committed 38400K, reserved 1083392K
  class space    used 5212K, capacity 5287K, committed 5376K, reserved 1048576K
Event: 12.878 GC heap after
Heap after GC invocations=11 (full 2):
 PSYoungGen      total 157184K, used 25723K [0x0000000755580000, 0x0000000767c80000, 0x00000007c0000000)
  eden space 124416K, 0% used [0x0000000755580000,0x0000000755580000,0x000000075cf00000)
  from space 32768K, 78% used [0x000000075cf00000,0x000000075e81ede0,0x000000075ef00000)
  to   space 35328K, 0% used [0x0000000765a00000,0x0000000765a00000,0x0000000767c80000)
 ParOldGen       total 91648K, used 35151K [0x0000000680000000, 0x0000000685980000, 0x0000000755580000)
  object space 91648K, 38% used [0x0000000680000000,0x0000000682253f68,0x0000000685980000)
 Metaspace       used 37911K, capacity 38162K, committed 38400K, reserved 1083392K
  class space    used 5212K, capacity 5287K, committed 5376K, reserved 1048576K
}
Event: 12.878 GC heap before
{Heap before GC invocations=12 (full 3):
 PSYoungGen      total 157184K, used 25723K [0x0000000755580000, 0x0000000767c80000, 0x00000007c0000000)
  eden space 124416K, 0% used [0x0000000755580000,0x0000000755580000,0x000000075cf00000)
  from space 32768K, 78% used [0x000000075cf00000,0x000000075e81ede0,0x000000075ef00000)
  to   space 35328K, 0% used [0x0000000765a00000,0x0000000765a00000,0x0000000767c80000)
 ParOldGen       total 91648K, used 35151K [0x0000000680000000, 0x0000000685980000, 0x0000000755580000)
  object space 91648K, 38% used [0x0000000680000000,0x0000000682253f68,0x0000000685980000)
 Metaspace       used 37911K, capacity 38162K, committed 38400K, reserved 1083392K
  class space    used 5212K, capacity 5287K, committed 5376K, reserved 1048576K
Event: 12.967 GC heap after
Heap after GC invocations=12 (full 3):
 PSYoungGen      total 157184K, used 0K [0x0000000755580000, 0x0000000767c80000, 0x00000007c0000000)
  eden space 124416K, 0% used [0x0000000755580000,0x0000000755580000,0x000000075cf00000)
  from space 32768K, 0% used [0x000000075cf00000,0x000000075cf00000,0x000000075ef00000)
  to   space 35328K, 0% used [0x0000000765a00000,0x0000000765a00000,0x0000000767c80000)
 ParOldGen       total 176640K, used 54139K [0x0000000680000000, 0x000000068ac80000, 0x0000000755580000)
  object space 176640K, 30% used [0x0000000680000000,0x00000006834dec90,0x000000068ac80000)
 Metaspace       used 37911K, capacity 38162K, committed 38400K, reserved 1083392K
  class space    used 5212K, capacity 5287K, committed 5376K, reserved 1048576K
}
Event: 13.922 GC heap before
{Heap before GC invocations=13 (full 3):
 PSYoungGen      total 157184K, used 124416K [0x0000000755580000, 0x0000000767c80000, 0x00000007c0000000)
  eden space 124416K, 100% used [0x0000000755580000,0x000000075cf00000,0x000000075cf00000)
  from space 32768K, 0% used [0x000000075cf00000,0x000000075cf00000,0x000000075ef00000)
  to   space 35328K, 0% used [0x0000000765a00000,0x0000000765a00000,0x0000000767c80000)
 ParOldGen       total 176640K, used 54139K [0x0000000680000000, 0x000000068ac80000, 0x0000000755580000)
  object space 176640K, 30% used [0x0000000680000000,0x00000006834dec90,0x000000068ac80000)
 Metaspace       used 40356K, capacity 40597K, committed 40960K, reserved 1085440K
  class space    used 5424K, capacity 5511K, committed 5632K, reserved 1048576K
Event: 13.925 GC heap after
Heap after GC invocations=13 (full 3):
 PSYoungGen      total 174592K, used 3703K [0x0000000755580000, 0x0000000765e00000, 0x00000007c0000000)
  eden space 170496K, 0% used [0x0000000755580000,0x0000000755580000,0x000000075fc00000)
  from space 4096K, 90% used [0x0000000765a00000,0x0000000765d9dd70,0x0000000765e00000)
  to   space 35328K, 0% used [0x0000000761900000,0x0000000761900000,0x0000000763b80000)
 ParOldGen       total 176640K, used 54147K [0x0000000680000000, 0x000000068ac80000, 0x0000000755580000)
  object space 176640K, 30% used [0x0000000680000000,0x00000006834e0c90,0x000000068ac80000)
 Metaspace       used 40356K, capacity 40597K, committed 40960K, reserved 1085440K
  class space    used 5424K, capacity 5511K, committed 5632K, reserved 1048576K
}

