# JRE version: OpenJDK Runtime Environment (8.0_312-b07) (build 1.8.0_312-b07)
# Java VM: OpenJDK 64-Bit Server VM (25.312-b07 mixed mode windows-amd64 compressed oops)
Heap:
 PSYoungGen      total 271360K, used 242424K [0x0000000715d80000, 0x000000072da00000, 0x00000007c0000000)
  eden space 249856K, 97% used [0x0000000715d80000,0x0000000724a3e0f8,0x0000000725180000)
  from space 21504K, 0% used [0x0000000728180000,0x0000000728180000,0x0000000729680000)
  to   space 49152K, 0% used [0x0000000725180000,0x0000000725180000,0x0000000728180000)
 ParOldGen       total 366080K, used 50806K [0x00000005c1800000, 0x00000005d7d80000, 0x0000000715d80000)
  object space 366080K, 13% used [0x00000005c1800000,0x00000005c499d950,0x00000005d7d80000)
 Metaspace       used 41635K, capacity 41875K, committed 42368K, reserved 1085440K
  class space    used 5606K, capacity 5681K, committed 5760K, reserved 1048576K
GC Heap History (10 events):
Event: 3.596 GC heap before
{Heap before GC invocations=5 (full 2):
 PSYoungGen      total 153088K, used 131584K [0x0000000715d80000, 0x0000000723600000, 0x00000007c0000000)
  eden space 131584K, 100% used [0x0000000715d80000,0x000000071de00000,0x000000071de00000)
  from space 21504K, 0% used [0x000000071f300000,0x000000071f300000,0x0000000720800000)
  to   space 21504K, 0% used [0x000000071de00000,0x000000071de00000,0x000000071f300000)
 ParOldGen       total 232960K, used 5061K [0x00000005c1800000, 0x00000005cfb80000, 0x0000000715d80000)
  object space 232960K, 2% used [0x00000005c1800000,0x00000005c1cf1570,0x00000005cfb80000)
 Metaspace       used 32827K, capacity 33004K, committed 33280K, reserved 1077248K
  class space    used 4490K, capacity 4551K, committed 4608K, reserved 1048576K
Event: 3.604 GC heap after
Heap after GC invocations=5 (full 2):
 PSYoungGen      total 153088K, used 21489K [0x0000000715d80000, 0x0000000722d80000, 0x00000007c0000000)
  eden space 131584K, 0% used [0x0000000715d80000,0x0000000715d80000,0x000000071de00000)
  from space 21504K, 99% used [0x000000071de00000,0x000000071f2fc5c8,0x000000071f300000)
  to   space 21504K, 0% used [0x0000000721880000,0x0000000721880000,0x0000000722d80000)
 ParOldGen       total 232960K, used 9072K [0x00000005c1800000, 0x00000005cfb80000, 0x0000000715d80000)
  object space 232960K, 3% used [0x00000005c1800000,0x00000005c20dc138,0x00000005cfb80000)
 Metaspace       used 32827K, capacity 33004K, committed 33280K, reserved 1077248K
  class space    used 4490K, capacity 4551K, committed 4608K, reserved 1048576K
}
Event: 3.814 GC heap before
{Heap before GC invocations=6 (full 2):
 PSYoungGen      total 153088K, used 153073K [0x0000000715d80000, 0x0000000722d80000, 0x00000007c0000000)
  eden space 131584K, 100% used [0x0000000715d80000,0x000000071de00000,0x000000071de00000)
  from space 21504K, 99% used [0x000000071de00000,0x000000071f2fc5c8,0x000000071f300000)
  to   space 21504K, 0% used [0x0000000721880000,0x0000000721880000,0x0000000722d80000)
 ParOldGen       total 232960K, used 9072K [0x00000005c1800000, 0x00000005cfb80000, 0x0000000715d80000)
  object space 232960K, 3% used [0x00000005c1800000,0x00000005c20dc138,0x00000005cfb80000)
 Metaspace       used 32864K, capacity 33132K, committed 33280K, reserved 1077248K
  class space    used 4490K, capacity 4551K, committed 4608K, reserved 1048576K
Event: 3.828 GC heap after
Heap after GC invocations=6 (full 2):
 PSYoungGen      total 191488K, used 21501K [0x0000000715d80000, 0x0000000725700000, 0x00000007c0000000)
  eden space 169984K, 0% used [0x0000000715d80000,0x0000000715d80000,0x0000000720380000)
  from space 21504K, 99% used [0x0000000721880000,0x0000000722d7f5d0,0x0000000722d80000)
  to   space 21504K, 0% used [0x0000000720380000,0x0000000720380000,0x0000000721880000)
 ParOldGen       total 232960K, used 17760K [0x00000005c1800000, 0x00000005cfb80000, 0x0000000715d80000)
  object space 232960K, 7% used [0x00000005c1800000,0x00000005c2958148,0x00000005cfb80000)
 Metaspace       used 32864K, capacity 33132K, committed 33280K, reserved 1077248K
  class space    used 4490K, capacity 4551K, committed 4608K, reserved 1048576K
}
Event: 4.429 GC heap before
{Heap before GC invocations=7 (full 2):
 PSYoungGen      total 191488K, used 191485K [0x0000000715d80000, 0x0000000725700000, 0x00000007c0000000)
  eden space 169984K, 100% used [0x0000000715d80000,0x0000000720380000,0x0000000720380000)
  from space 21504K, 99% used [0x0000000721880000,0x0000000722d7f5d0,0x0000000722d80000)
  to   space 21504K, 0% used [0x0000000720380000,0x0000000720380000,0x0000000721880000)
 ParOldGen       total 232960K, used 17760K [0x00000005c1800000, 0x00000005cfb80000, 0x0000000715d80000)
  object space 232960K, 7% used [0x00000005c1800000,0x00000005c2958148,0x00000005cfb80000)
 Metaspace       used 37439K, capacity 37648K, committed 37888K, reserved 1081344K
  class space    used 5210K, capacity 5289K, committed 5376K, reserved 1048576K
Event: 4.449 GC heap after
Heap after GC invocations=7 (full 2):
 PSYoungGen      total 191488K, used 21472K [0x0000000715d80000, 0x0000000729680000, 0x00000007c0000000)
  eden space 169984K, 0% used [0x0000000715d80000,0x0000000715d80000,0x0000000720380000)
  from space 21504K, 99% used [0x0000000720380000,0x0000000721878020,0x0000000721880000)
  to   space 21504K, 0% used [0x0000000728180000,0x0000000728180000,0x0000000729680000)
 ParOldGen       total 232960K, used 39654K [0x00000005c1800000, 0x00000005cfb80000, 0x0000000715d80000)
  object space 232960K, 17% used [0x00000005c1800000,0x00000005c3eb9ba0,0x00000005cfb80000)
 Metaspace       used 37439K, capacity 37648K, committed 37888K, reserved 1081344K
  class space    used 5210K, capacity 5289K, committed 5376K, reserved 1048576K
}
Event: 4.556 GC heap before
{Heap before GC invocations=8 (full 2):
 PSYoungGen      total 191488K, used 38939K [0x0000000715d80000, 0x0000000729680000, 0x00000007c0000000)
  eden space 169984K, 10% used [0x0000000715d80000,0x0000000716e8ec18,0x0000000720380000)
  from space 21504K, 99% used [0x0000000720380000,0x0000000721878020,0x0000000721880000)
  to   space 21504K, 0% used [0x0000000728180000,0x0000000728180000,0x0000000729680000)
 ParOldGen       total 232960K, used 39654K [0x00000005c1800000, 0x00000005cfb80000, 0x0000000715d80000)
  object space 232960K, 17% used [0x00000005c1800000,0x00000005c3eb9ba0,0x00000005cfb80000)
 Metaspace       used 37965K, capacity 38131K, committed 38400K, reserved 1083392K
  class space    used 5220K, capacity 5289K, committed 5376K, reserved 1048576K
Event: 4.565 GC heap after
Heap after GC invocations=8 (full 2):
 PSYoungGen      total 271360K, used 21495K [0x0000000715d80000, 0x000000072da00000, 0x00000007c0000000)
  eden space 249856K, 0% used [0x0000000715d80000,0x0000000715d80000,0x0000000725180000)
  from space 21504K, 99% used [0x0000000728180000,0x000000072967df78,0x0000000729680000)
  to   space 49152K, 0% used [0x0000000725180000,0x0000000725180000,0x0000000728180000)
 ParOldGen       total 232960K, used 39856K [0x00000005c1800000, 0x00000005cfb80000, 0x0000000715d80000)
  object space 232960K, 17% used [0x00000005c1800000,0x00000005c3eec108,0x00000005cfb80000)
 Metaspace       used 37965K, capacity 38131K, committed 38400K, reserved 1083392K
  class space    used 5220K, capacity 5289K, committed 5376K, reserved 1048576K
}
Event: 4.565 GC heap before
{Heap before GC invocations=9 (full 3):
 PSYoungGen      total 271360K, used 21495K [0x0000000715d80000, 0x000000072da00000, 0x00000007c0000000)
  eden space 249856K, 0% used [0x0000000715d80000,0x0000000715d80000,0x0000000725180000)
  from space 21504K, 99% used [0x0000000728180000,0x000000072967df78,0x0000000729680000)
  to   space 49152K, 0% used [0x0000000725180000,0x0000000725180000,0x0000000728180000)
 ParOldGen       total 232960K, used 39856K [0x00000005c1800000, 0x00000005cfb80000, 0x0000000715d80000)
  object space 232960K, 17% used [0x00000005c1800000,0x00000005c3eec108,0x00000005cfb80000)
 Metaspace       used 37965K, capacity 38131K, committed 38400K, reserved 1083392K
  class space    used 5220K, capacity 5289K, committed 5376K, reserved 1048576K
Event: 4.644 GC heap after
Heap after GC invocations=9 (full 3):
 PSYoungGen      total 271360K, used 0K [0x0000000715d80000, 0x000000072da00000, 0x00000007c0000000)
  eden space 249856K, 0% used [0x0000000715d80000,0x0000000715d80000,0x0000000725180000)
  from space 21504K, 0% used [0x0000000728180000,0x0000000728180000,0x0000000729680000)
  to   space 49152K, 0% used [0x0000000725180000,0x0000000725180000,0x0000000728180000)
 ParOldGen       total 366080K, used 50806K [0x00000005c1800000, 0x00000005d7d80000, 0x0000000715d80000)
  object space 366080K, 13% used [0x00000005c1800000,0x00000005c499d950,0x00000005d7d80000)
 Metaspace       used 37965K, capacity 38131K, committed 38400K, reserved 1083392K
  class space    used 5220K, capacity 5289K, committed 5376K, reserved 1048576K
}

